<?xml version="1.0" encoding="UTF-8"?>
<testng-results skipped="0" failed="0" ignored="0" total="1" passed="1">
  <reporter-output>
  </reporter-output>
  <suite name="TestLink Demo" duration-ms="11494" started-at="2018-10-23T06:45:25Z" finished-at="2018-10-23T06:45:37Z">
    <groups>
    </groups>
    <test name="Demo TestCases" duration-ms="11494" started-at="2018-10-23T06:45:25Z" finished-at="2018-10-23T06:45:37Z">
      <class name="com.qa.test.DemoTC">
        <test-method status="PASS" signature="setup(java.lang.String, java.lang.String)[pri:0, instance:com.qa.test.DemoTC@4973813a]" name="setup" is-config="true" duration-ms="6528" started-at="2018-10-23T12:15:25Z" finished-at="2018-10-23T12:15:32Z">
          <params>
            <param index="0">
              <value>
                <![CDATA[http://the-internet.herokuapp.com/hovers]]>
              </value>
            </param>
            <param index="1">
              <value>
                <![CDATA[U_chrome]]>
              </value>
            </param>
          </params>
          <reporter-output>
          </reporter-output>
        </test-method> <!-- setup -->
        <test-method status="PASS" signature="DemoMethod()[pri:0, instance:com.qa.test.DemoTC@4973813a]" name="DemoMethod" duration-ms="4721" started-at="2018-10-23T12:15:32Z" finished-at="2018-10-23T12:15:37Z">
          <reporter-output>
          </reporter-output>
        </test-method> <!-- DemoMethod -->
        <test-method status="PASS" signature="tearDown(org.testng.ITestResult)[pri:0, instance:com.qa.test.DemoTC@4973813a]" name="tearDown" is-config="true" duration-ms="219" started-at="2018-10-23T12:15:37Z" finished-at="2018-10-23T12:15:37Z">
          <params>
            <param index="0">
              <value>
                <![CDATA[[TestResult name=DemoMethod status=SUCCESS method=DemoTC.DemoMethod()[pri:0, instance:com.qa.test.DemoTC@4973813a] output={null}]]]>
              </value>
            </param>
          </params>
          <reporter-output>
          </reporter-output>
        </test-method> <!-- tearDown -->
      </class> <!-- com.qa.test.DemoTC -->
    </test> <!-- Demo TestCases -->
  </suite> <!-- TestLink Demo -->
</testng-results>
